  1        1   (0)      1 :  0.9940 0.0060 
  2        2   (0)      2 :  0.9620 0.0380 
  3        3   (0)      2 :  0.0071 0.9929 
  4        4   (0)      3 :  0.5908 0.4092 
  5        5   (0)      4 :  0.0120 0.9880 
  6        6   (0)      4 :  0.0080 0.9920 
  7        7   (0)      4 :  0.0110 0.9890 
  8        8   (0)      5 :  0.0060 0.9940 
  9        9   (0)      5 :  0.0060 0.9940 
 10       10   (0)      5 :  0.0063 0.9937 
 11       11   (0)      5 :  0.0109 0.9891 
 12       12   (0)      1 :  0.4350 0.5650 
 13       13   (0)      1 :  0.0070 0.9930 
 14       14   (0)      1 :  0.3079 0.6921 
 15       15   (0)      1 :  0.0065 0.9935 
 16       16   (0)      1 :  0.0198 0.9802 
 17       17   (0)      1 :  0.9859 0.0141 
 18       18   (0)      1 :  0.0064 0.9936 
 19       19   (0)      1 :  0.8894 0.1106 
 20       20   (0)      1 :  0.0080 0.9920 
 21       21   (0)      1 :  0.0064 0.9936 
 22       22   (0)      1 :  0.0130 0.9870 
 23       23   (0)      2 :  0.9940 0.0060 
 24       24   (0)      2 :  0.9940 0.0060 
 25       25   (0)      1 :  0.0110 0.9890 
 26       26   (0)      2 :  0.0060 0.9940 
 27       27   (0)      3 :  0.0062 0.9938 
 28       28   (0)      4 :  0.0070 0.9930 
 29       29   (0)      4 :  0.0070 0.9930 
 30       30   (0)      4 :  0.0093 0.9907 
 31       31   (0)      4 :  0.0096 0.9904 
 32       32   (0)      4 :  0.0096 0.9904 
 33       33   (0)      4 :  0.0060 0.9940 
 34       34   (0)      5 :  0.0061 0.9939 
 35       35   (0)      5 :  0.0064 0.9936 
 36       36   (0)      5 :  0.0090 0.9910 
 37       37   (0)      5 :  0.0070 0.9930 
 38       38   (0)      6 :  0.0070 0.9930 
 39       39   (0)      1 :  0.0562 0.9438 
 40       40   (0)      1 :  0.0070 0.9930 
 41       41   (0)      1 :  0.0070 0.9930 
 42       42   (0)      1 :  0.9681 0.0319 
 43       43   (0)      1 :  0.1531 0.8469 
 44       44   (0)      1 :  0.0094 0.9906 
 45       45   (0)      1 :  0.0096 0.9904 
 46       46   (0)      1 :  0.0068 0.9932 
 47       47   (0)      2 :  0.0070 0.9930 
 48       48   (0)      2 :  0.0190 0.9810 
 49       49   (0)      2 :  0.0130 0.9870 
 50       50   (0)      3 :  0.0060 0.9940 
 51       51   (0)      3 :  0.0090 0.9910 
 52       52   (0)      3 :  0.0098 0.9902 
 53       53   (0)      3 :  0.0161 0.9839 
 54       54   (0)      3 :  0.9259 0.0741 
 55       55   (0)      4 :  0.0112 0.9888 
 56       56   (0)      4 :  0.0100 0.9900 
 57       57   (0)      5 :  0.0080 0.9920 
 58       58   (0)      5 :  0.0096 0.9904 
 59       59   (0)      7 :  0.0090 0.9910 
 60       60   (0)      7 :  0.0220 0.9780 
 61       61   (0)      7 :  0.0111 0.9889 
 62       62   (0)      6 :  0.0080 0.9920 
 64       64   (0)      1 :  0.0062 0.9938 
 65       65   (0)      1 :  0.0061 0.9939 
 66       66   (0)      1 :  0.0061 0.9939 
 67       67   (0)      1 :  0.1966 0.8034 
 68       68   (0)      1 :  0.1081 0.8919 
 69       69   (0)      1 :  0.0126 0.9874 
 70       70   (0)      1 :  0.9649 0.0351 
 71       71   (0)      2 :  0.0090 0.9910 
 72       72   (0)      2 :  0.0064 0.9936 
 73       73   (0)      2 :  0.0064 0.9936 
 74       74   (0)      2 :  0.0061 0.9939 
 75       75   (0)      3 :  0.0070 0.9930 
 76       76   (0)      3 :  0.0063 0.9937 
 77       77   (0)      3 :  0.0062 0.9938 
 78       78   (0)      3 :  0.0070 0.9930 
 79       79   (0)      3 :  0.0096 0.9904 
 80       80   (0)      3 :  0.0091 0.9909 
 81       81   (0)      3 :  0.0159 0.9841 
 82       82   (0)      3 :  0.0090 0.9910 
 83       83   (0)      4 :  0.0061 0.9939 
 84       84   (0)      4 :  0.0062 0.9938 
 85       85   (0)      7 :  0.0064 0.9936 
 86       86   (0)      1 :  0.8056 0.1944 
 87       87   (0)      1 :  0.8066 0.1934 
 88       88   (0)      1 :  0.7019 0.2981 
 89       89   (0)      1 :  0.9620 0.0380 
 90       90   (0)      1 :  0.9553 0.0447 
 91       91   (0)      1 :  0.3796 0.6204 
 92       92   (0)      1 :  0.8196 0.1804 
 93       93   (0)      1 :  0.8194 0.1806 
 94       94   (0)      1 :  0.9681 0.0319 
 95       95   (0)      1 :  0.8199 0.1801 
 96       96   (0)      1 :  0.0229 0.9771 
 97       97   (0)      1 :  0.4349 0.5651 
 98       98   (0)      2 :  0.8196 0.1804 
 99       99   (0)      2 :  0.9418 0.0582 
100      100   (0)      2 :  0.4354 0.5646 
101      101   (0)      3 :  0.0063 0.9937 
102      102   (0)      3 :  0.0094 0.9906 
103      103   (0)      4 :  0.0060 0.9940 
104      104   (0)      4 :  0.0091 0.9909 
105      105   (0)      4 :  0.0090 0.9910 
106      106   (0)      4 :  0.0064 0.9936 
107      107   (0)      4 :  0.0100 0.9900 
108      108   (0)      5 :  0.0141 0.9859 
109      109   (0)      5 :  0.0290 0.9710 
110      110   (0)      7 :  0.0060 0.9940 
111      111   (0)      7 :  0.0061 0.9939 
112      112   (0)      7 :  0.0062 0.9938 
113      113   (0)      6 :  0.0110 0.9890 
114      114   (0)      6 :  0.0063 0.9937 
115      115   (0)      1 :  0.9930 0.0070 
116      116   (0)      1 :  0.9940 0.0060 
117      117   (0)      2 :  0.9920 0.0080 
118      118   (0)      2 :  0.9940 0.0060 
119      119   (0)      2 :  0.9920 0.0080 
120      120   (0)      2 :  0.9940 0.0060 
121      121   (0)      2 :  0.9938 0.0062 
122      122   (0)      2 :  0.9940 0.0060 
123      123   (0)      3 :  0.9940 0.0060 
124      124   (0)      3 :  0.9940 0.0060 
125      125   (0)      3 :  0.9940 0.0060 
126      126   (0)      3 :  0.9940 0.0060 
127      127   (0)      3 :  0.9920 0.0080 
128      128   (0)      3 :  0.9930 0.0070 
129      129   (0)      3 :  0.9920 0.0080 
130      130   (0)      3 :  0.9940 0.0060 
131      131   (0)      3 :  0.9920 0.0080 
132      132   (0)      4 :  0.9940 0.0060 
133      133   (0)      4 :  0.9949 0.0051 
134      134   (0)      4 :  0.9910 0.0090 
135      135   (0)      4 :  0.9940 0.0060 
136      136   (0)      5 :  0.9922 0.0078 
137      137   (0)      5 :  0.9770 0.0230 
138      138   (0)      1 :  0.0060 0.9940 
139      139   (0)      1 :  0.0064 0.9936 
140      140   (0)      1 :  0.0063 0.9937 
141      141   (0)      1 :  0.0062 0.9938 
142      142   (0)      1 :  0.0064 0.9936 
143      143   (0)      1 :  0.0063 0.9937 
144      144   (0)      1 :  0.0096 0.9904 
145      145   (0)      1 :  0.8059 0.1941 
146      146   (0)      1 :  0.0085 0.9915 
147      147   (0)      1 :  0.8543 0.1457 
148      148   (0)      1 :  0.2205 0.7795 
149      149   (0)      1 :  0.5908 0.4092 
150      150   (0)      1 :  0.0080 0.9920 
151      151   (0)      1 :  0.0120 0.9880 
152      152   (0)      1 :  0.0167 0.9833 
153      153   (0)      1 :  0.0097 0.9903 
154      154   (0)      1 :  0.0065 0.9935 
155      155   (0)      2 :  0.0060 0.9940 
156      156   (0)      2 :  0.8196 0.1804 
157      157   (0)      2 :  0.9446 0.0554 
158      158   (0)      2 :  0.6300 0.3700 
159      159   (0)      2 :  0.0063 0.9937 
160      160   (0)      2 :  0.0066 0.9934 
161      161   (0)      2 :  0.7020 0.2980 
162      162   (0)      2 :  0.0070 0.9930 
163      163   (0)      2 :  0.2493 0.7507 
164      164   (0)      1 :  0.9261 0.0739 
165      165   (0)      1 :  0.0086 0.9914 
166      166   (0)      1 :  0.0061 0.9939 
167      167   (0)      1 :  0.0064 0.9936 
168      168   (0)      1 :  0.0063 0.9937 
169      169   (0)      2 :  0.7024 0.2976 
170      170   (0)      2 :  0.0097 0.9903 
171      171   (0)      2 :  0.0063 0.9937 
172      172   (0)      3 :  0.0160 0.9840 
173      173   (0)      3 :  0.0160 0.9840 
174      174   (0)      3 :  0.0110 0.9890 
175      175   (0)      3 :  0.0070 0.9930 
176      176   (0)      4 :  0.0062 0.9938 
177      177   (0)      5 :  0.0156 0.9844 
178      178   (0)      5 :  0.0273 0.9727 
179      179   (0)      5 :  0.0153 0.9847 
180      180   (0)      5 :  0.0063 0.9937 
181      181   (0)      5 :  0.0099 0.9901 
182      182   (0)      5 :  0.0557 0.9443 
183      183   (0)      5 :  0.0273 0.9727 
184      184   (0)      7 :  0.0160 0.9840 
190      190   (0)      1 :  0.0170 0.9830 
191      191   (0)      1 :  0.0170 0.9830 
192      192   (0)      1 :  0.3070 0.6930 
193      193   (0)      1 :  0.0170 0.9830 
194      194   (0)      1 :  0.0170 0.9830 
195      195   (0)      1 :  0.0170 0.9830 
196      196   (0)      1 :  0.0090 0.9910 
197      197   (0)      1 :  0.0282 0.9718 
198      198   (0)      1 :  0.9940 0.0060 
199      199   (0)      1 :  0.5774 0.4226 
200      200   (0)      1 :  0.9643 0.0357 
201      201   (0)      1 :  0.0060 0.9940 
202      202   (0)      2 :  0.3724 0.6276 
203      203   (0)      2 :  0.0170 0.9830 
204      204   (0)      2 :  0.9940 0.0060 
205      205   (0)      2 :  0.9920 0.0080 
206      206   (0)      3 :  0.0095 0.9905 
207      207   (0)      3 :  0.0409 0.9591 
208      208   (0)      4 :  0.9940 0.0060 
209      209   (0)      5 :  0.0080 0.9920 
210      210   (0)      1 :  0.9950 0.0050 
211      211   (0)      1 :  0.9930 0.0070 
212      212   (0)      1 :  0.0080 0.9920 
213      213   (0)      1 :  0.0065 0.9935 
214      214   (0)      1 :  0.4383 0.5617 
215      215   (0)      1 :  0.9512 0.0488 
216      216   (0)      1 :  0.9930 0.0070 
217      217   (0)      1 :  0.9258 0.0742 
218      218   (0)      1 :  0.9952 0.0048 
219      219   (0)      1 :  0.9940 0.0060 
220      220   (0)      1 :  0.0120 0.9880 
221      221   (0)      2 :  0.9891 0.0109 
222      222   (0)      2 :  0.9930 0.0070 
223      223   (0)      2 :  0.9940 0.0060 
224      224   (0)      2 :  0.9940 0.0060 
225      225   (0)      2 :  0.5203 0.4797 
226      226   (0)      2 :  0.9943 0.0057 
227      227   (0)      2 :  0.6165 0.3835 
228      228   (0)      2 :  0.0469 0.9531 
229      229   (0)      2 :  0.0063 0.9937 
230      230   (0)      2 :  0.0160 0.9840 
231      231   (0)      2 :  0.7693 0.2307 
232      232   (0)      2 :  0.9939 0.0061 
233      233   (0)      2 :  0.9940 0.0060 
234      234   (0)      2 :  0.9940 0.0060 
235      235   (0)      2 :  0.9940 0.0060 
236      236   (0)      2 :  0.9940 0.0060 
237      237   (0)      2 :  0.3110 0.6890 
238      238   (0)      2 :  0.9940 0.0060 
239      239   (0)      2 :  0.9930 0.0070 
240      240   (0)      2 :  0.5780 0.4220 
241      241   (0)      3 :  0.8192 0.1808 
242      242   (0)      3 :  0.9940 0.0060 
243      243   (0)      3 :  0.9940 0.0060 
244      244   (0)      3 :  0.9900 0.0100 
245      245   (0)      3 :  0.9940 0.0060 
246      246   (0)      3 :  0.9940 0.0060 
247      247   (0)      3 :  0.9940 0.0060 
248      248   (0)      3 :  0.9940 0.0060 
249      249   (0)      3 :  0.9940 0.0060 
250      250   (0)      3 :  0.9920 0.0080 
251      251   (0)      3 :  0.9940 0.0060 
252      252   (0)      3 :  0.9940 0.0060 
253      253   (0)      3 :  0.9940 0.0060 
254      254   (0)      3 :  0.0120 0.9880 
255      255   (0)      3 :  0.0216 0.9784 
256      256   (0)      4 :  0.8668 0.1332 
257      257   (0)      4 :  0.9930 0.0070 
258      258   (0)      4 :  0.9930 0.0070 
259      259   (0)      4 :  0.9930 0.0070 
260      260   (0)      4 :  0.8524 0.1476 
261      261   (0)      4 :  0.7696 0.2304 
262      262   (0)      4 :  0.0061 0.9939 
263      263   (0)      4 :  0.0071 0.9929 
264      264   (0)      5 :  0.0063 0.9937 
265      265   (0)      5 :  0.9930 0.0070 
266      266   (0)      7 :  0.0120 0.9880 
267      267   (0)      6 :  0.0072 0.9928 
268      268   (0)      1 :  0.0281 0.9719 
269      269   (0)      1 :  0.0060 0.9940 
270      270   (0)      1 :  0.0063 0.9937 
271      271   (0)      2 :  0.0107 0.9893 
272      272   (0)      2 :  0.8692 0.1308 
273      273   (0)      2 :  0.0109 0.9891 
274      274   (0)      2 :  0.0100 0.9900 
275      275   (0)      2 :  0.0126 0.9874 
276      276   (0)      2 :  0.0100 0.9900 
277      277   (0)      2 :  0.0113 0.9887 
278      278   (0)      2 :  0.0180 0.9820 
279      279   (0)      2 :  0.0096 0.9904 
280      280   (0)      2 :  0.0070 0.9930 
281      281   (0)      2 :  0.9910 0.0090 
282      282   (0)      3 :  0.0216 0.9784 
283      283   (0)      3 :  0.0180 0.9820 
284      284   (0)      3 :  0.0150 0.9850 
285      285   (0)      3 :  0.0106 0.9894 
286      286   (0)      3 :  0.0062 0.9938 
287      287   (0)      3 :  0.0062 0.9938 
288      288   (0)      3 :  0.4345 0.5655 
289      289   (0)      3 :  0.8539 0.1461 
290      290   (0)      4 :  0.0063 0.9937 
291      291   (0)      4 :  0.9920 0.0080 
292      292   (0)      4 :  0.0220 0.9780 
293      293   (0)      4 :  0.0062 0.9938 
294      294   (0)      5 :  0.0063 0.9937 
295      295   (0)      6 :  0.0077 0.9923 
296      296   (0)      1 :  0.0063 0.9937 
297      297   (0)      1 :  0.9681 0.0319 
298      298   (0)      1 :  0.0064 0.9936 
299      299   (0)      1 :  0.0067 0.9933 
300      300   (0)      1 :  0.1594 0.8406 
301      301   (0)      1 :  0.8541 0.1459 
302      302   (0)      1 :  0.0160 0.9840 
303      303   (0)      1 :  0.0063 0.9937 
304      304   (0)      1 :  0.8191 0.1809 
305      305   (0)      1 :  0.9444 0.0556 
306      306   (0)      1 :  0.0100 0.9900 
307      307   (0)      1 :  0.0060 0.9940 
308      308   (0)      1 :  0.0062 0.9938 
309      309   (0)      1 :  0.0097 0.9903 
310      310   (0)      1 :  0.0099 0.9901 
311      311   (0)      2 :  0.2026 0.7974 
312      312   (0)      2 :  0.5907 0.4093 
313      313   (0)      2 :  0.3459 0.6541 
314      314   (0)      2 :  0.0096 0.9904 
315      315   (0)      2 :  0.9382 0.0618 
316      316   (0)      2 :  0.4464 0.5536 
317      317   (0)      2 :  0.9291 0.0709 
318      318   (0)      2 :  0.2758 0.7242 
319      319   (0)      2 :  0.0064 0.9936 
320      320   (0)      4 :  0.0098 0.9902 
321      321   (0)      4 :  0.0095 0.9905 
322      322   (0)      1 :  0.0070 0.9930 
323      323   (0)      1 :  0.3522 0.6478 
324      324   (0)      1 :  0.9350 0.0650 
325      325   (0)      1 :  0.9910 0.0090 
326      326   (0)      1 :  0.9740 0.0260 
327      327   (0)      1 :  0.9263 0.0737 
328      328   (0)      1 :  0.0150 0.9850 
329      329   (0)      1 :  0.9069 0.0931 
330      330   (0)      1 :  0.9897 0.0103 
331      331   (0)      1 :  0.9256 0.0744 
332      332   (0)      4 :  0.9530 0.0470 
333      333   (0)      4 :  0.0070 0.9930 
334      334   (0)      5 :  0.0061 0.9939 
335      335   (0)      3 :  0.0150 0.9850 
336      336   (0)      3 :  0.0094 0.9906 
337      337   (0)      4 :  0.0065 0.9935 
338      338   (0)      5 :  0.0065 0.9935 
339      339   (0)      7 :  0.0176 0.9824 
340      340   (0)      6 :  0.0060 0.9940 
341      341   (0)      2 :  0.0095 0.9905 
342      342   (0)      2 :  0.0080 0.9920 
343      343   (0)      4 :  0.0070 0.9930 
344      344   (0)      1 :  0.0160 0.9840 
345      345   (0)      1 :  0.2438 0.7562 
346      346   (0)      1 :  0.0470 0.9530 
347      347   (0)      1 :  0.0473 0.9527 
348      348   (0)      1 :  0.4352 0.5648 
349      349   (0)      1 :  0.8547 0.1453 
350      350   (0)      1 :  0.6055 0.3945 
351      351   (0)      1 :  0.5988 0.4012 
352      352   (0)      2 :  0.0119 0.9881 
353      353   (0)      2 :  0.0077 0.9923 
354      354   (0)      2 :  0.0162 0.9838 
355      355   (0)      2 :  0.0070 0.9930 
356      356   (0)      2 :  0.9512 0.0488 
357      357   (0)      3 :  0.1397 0.8603 
358      358   (0)      3 :  0.8541 0.1459 
359      359   (0)      3 :  0.0070 0.9930 
360      360   (0)      4 :  0.0090 0.9910 
361      361   (0)      4 :  0.0161 0.9839 
362      362   (0)      4 :  0.8645 0.1355 
363      363   (0)      5 :  0.0070 0.9930 
364      364   (0)      5 :  0.0070 0.9930 
365      365   (0)      5 :  0.2400 0.7600 
366      366   (0)      7 :  0.0063 0.9937 
367      367   (0)      6 :  0.0100 0.9900 
368      368   (0)      1 :  0.9382 0.0618 
369      369   (0)      1 :  0.0070 0.9930 
370      370   (0)      1 :  0.0070 0.9930 
371      371   (0)      1 :  0.0110 0.9890 
372      372   (0)      1 :  0.4834 0.5166 
373      373   (0)      2 :  0.0160 0.9840 
374      374   (0)      2 :  0.0064 0.9936 
375      375   (0)      2 :  0.0070 0.9930 
376      376   (0)      2 :  0.0110 0.9890 
377      377   (0)      2 :  0.0211 0.9789 
378      378   (0)      2 :  0.0070 0.9930 
379      379   (0)      2 :  0.0555 0.9445 
380      380   (0)      2 :  0.0070 0.9930 
381      381   (0)      3 :  0.0080 0.9920 
382      382   (0)      3 :  0.0130 0.9870 
383      383   (0)      3 :  0.0100 0.9900 
384      384   (0)      3 :  0.0070 0.9930 
385      385   (0)      3 :  0.0110 0.9890 
386      386   (0)      3 :  0.0070 0.9930 
387      387   (0)      3 :  0.0129 0.9871 
388      388   (0)      3 :  0.0110 0.9890 
389      389   (0)      4 :  0.0161 0.9839 
390      390   (0)      4 :  0.0110 0.9890 
391      391   (0)      4 :  0.0080 0.9920 
392      392   (0)      4 :  0.0070 0.9930 
393      393   (0)      1 :  0.4900 0.5100 
394      394   (0)      1 :  0.9920 0.0080 
395      395   (0)      1 :  0.0080 0.9920 
396      396   (0)      2 :  0.0169 0.9831 
397      397   (0)      3 :  0.9940 0.0060 
398      398   (0)      3 :  0.9930 0.0070 
399      399   (0)      3 :  0.0124 0.9876 
400      400   (0)      5 :  0.0199 0.9801 
401      401   (0)      5 :  0.9910 0.0090 
402      402   (0)      5 :  0.9940 0.0060 
403      403   (0)      5 :  0.0060 0.9940 
404      404   (0)      7 :  0.0070 0.9930 
405      405   (0)      7 :  0.0060 0.9940 
406      406   (0)      6 :  0.9930 0.0070 
407      407   (0)      1 :  0.9940 0.0060 
408      408   (0)      2 :  0.9874 0.0126 
409      409   (0)      2 :  0.0063 0.9937 
410      410   (0)      2 :  0.9910 0.0090 
411      411   (0)      3 :  0.0063 0.9937 
412      412   (0)      4 :  0.0110 0.9890 
413      413   (0)      4 :  0.0097 0.9903 
414      414   (0)      4 :  0.0070 0.9930 
415      415   (0)      4 :  0.9900 0.0100 
416      416   (0)      4 :  0.0070 0.9930 
417      417   (0)      4 :  0.0173 0.9827 
418      418   (0)      4 :  0.0070 0.9930 
419      419   (0)      5 :  0.0062 0.9938 
420      420   (0)      7 :  0.0100 0.9900 
421      421   (0)      1 :  0.0061 0.9939 
422      422   (0)      2 :  0.0064 0.9936 
423      423   (0)      2 :  0.0065 0.9935 
424      424   (0)      3 :  0.0070 0.9930 
425      425   (0)      4 :  0.1941 0.8059 
426      426   (0)      4 :  0.0065 0.9935 
427      427   (0)      4 :  0.0100 0.9900 
428      428   (0)      4 :  0.0070 0.9930 
429      429   (0)      5 :  0.0160 0.9840 
430      430   (0)      5 :  0.0080 0.9920 
431      431   (0)      5 :  0.0096 0.9904 
432      432   (0)      5 :  0.0062 0.9938 
433      433   (0)      7 :  0.0094 0.9906 
434      434   (0)      6 :  0.0060 0.9940 
